
--------------------------------------------------------------------------------
Thu Oct 11 10:39:47 2018 run on ndnd, pid=66305 [Nov  9 2015 17:48:33 R52488 ]
QualbStats                                                                     \
           HEAD=/home/olga/code/tick-genome/nougat/allpaths/data_dir/read_cach \
           e/PE1                                                               \
           OUT_HEAD=/home/olga/code/tick-genome/nougat/allpaths/data_dir/read_ \
           cache/qualb_stats//PE1 RC=False
--------------------------------------------------------------------------------


Redirecting standard output to the following files:
/home/olga/code/tick-genome/nougat/allpaths/data_dir/read_cache/qualb_stats//PE1.out

Streaming data:
.....10%.....20%.....30%.....40%.....50%.....60%.....70%.....80%.....90%....100%


 overall statistics:

        13694  reads

   statistics from full data set:

      1958138  total length
          136  minimum length
          143  maximum length
        143.0  mean length
          143  N50 length

 overall quality statistics:

         30.1  mean Q
         18.2  effective Q
           25  Q1 Q (1st quartile)
           37  Q2 Q (median)
           37  Q3 Q (3rd quartile)
          0.0  min Q
         37.0  max Q

 pair quality statistics:

  31.1   29.0  mean Q
  19.1   17.4  effective Q
    25     25  Q1 Q (1st quartile)
    37     37  Q2 Q (median)
    37     37  Q3 Q (3rd quartile)
   0.0    0.0  min Q
  37.0   37.0  max Q

Thu Oct 11 10:39:47 2018: writing stats to /home/olga/code/tick-genome/nougat/allpaths/data_dir/read_cache/qualb_stats//PE1.stats
Thu Oct 11 10:39:47 2018: writing cycle quals frequencies to /home/olga/code/tick-genome/nougat/allpaths/data_dir/read_cache/qualb_stats//PE1.cq_freqs

